<?xml version="1.0" encoding="UTF-8"?>
<Site BuildName="Linux-clang++"
	BuildStamp="20221007-0904-Experimental"
	Name="78d4c4e3fb13"
	Generator="ctest-3.22.1"
	CompilerName="/usr/bin/clang++"
	CompilerVersion="14.0.0"
	OSName="Linux"
	Hostname="78d4c4e3fb13"
	OSRelease="5.15.0-40-generic"
	OSVersion="#43-Ubuntu SMP Wed Jun 15 12:54:21 UTC 2022"
	OSPlatform="x86_64"
	Is64Bits="1"
	VendorString="GenuineIntel"
	VendorID="Intel Corporation"
	FamilyID="6"
	ModelID="94"
	ProcessorCacheSize="28160"
	NumberOfLogicalCPU="2"
	NumberOfPhysicalCPU="2"
	TotalVirtualMemory="0"
	TotalPhysicalMemory="3413"
	LogicalProcessorsPerPhysical="1"
	ProcessorClockFrequency="2394.36"
	>
	<Testing>
		<StartDateTime>Oct 07 09:04 UTC</StartDateTime>
		<StartTestTime>1665133471</StartTestTime>
		<TestList/>
		<EndDateTime>Oct 07 09:04 UTC</EndDateTime>
		<EndTestTime>1665133471</EndTestTime>
		<ElapsedMinutes>0</ElapsedMinutes>
	</Testing>
</Site>
